# JRE version: OpenJDK Runtime Environment (8.0_152-b02) (build 1.8.0_152-release-1024-b02)
# Java VM: OpenJDK 64-Bit Server VM (25.152-b02 mixed mode windows-amd64 compressed oops)
Heap:
 PSYoungGen      total 479232K, used 397735K [0x00000000e0000000, 0x00000000ffe80000, 0x0000000100000000)
  eden space 437760K, 89% used [0x00000000e0000000,0x00000000f7e47fd8,0x00000000fab80000)
  from space 41472K, 15% used [0x00000000fd600000,0x00000000fdc21cc0,0x00000000ffe80000)
  to   space 42496K, 0% used [0x00000000fab80000,0x00000000fab80000,0x00000000fd500000)
 ParOldGen       total 127488K, used 70024K [0x00000000a0000000, 0x00000000a7c80000, 0x00000000e0000000)
  object space 127488K, 54% used [0x00000000a0000000,0x00000000a4462328,0x00000000a7c80000)
 Metaspace       used 116145K, capacity 122820K, committed 123096K, reserved 1157120K
  class space    used 14353K, capacity 15484K, committed 15616K, reserved 1048576K
GC Heap History (10 events):
Event: 22317.904 GC heap before
{Heap before GC invocations=28 (full 4):
 PSYoungGen      total 481792K, used 481584K [0x00000000e0000000, 0x0000000100000000, 0x0000000100000000)
  eden space 453632K, 100% used [0x00000000e0000000,0x00000000fbb00000,0x00000000fbb00000)
  from space 28160K, 99% used [0x00000000fbb00000,0x00000000fd64c230,0x00000000fd680000)
  to   space 38400K, 0% used [0x00000000fda80000,0x00000000fda80000,0x0000000100000000)
 ParOldGen       total 127488K, used 51714K [0x00000000a0000000, 0x00000000a7c80000, 0x00000000e0000000)
  object space 127488K, 40% used [0x00000000a0000000,0x00000000a3280890,0x00000000a7c80000)
 Metaspace       used 115175K, capacity 121654K, committed 121944K, reserved 1155072K
  class space    used 14308K, capacity 15422K, committed 15488K, reserved 1048576K
Event: 22317.950 GC heap after
Heap after GC invocations=28 (full 4):
 PSYoungGen      total 486400K, used 19347K [0x00000000e0000000, 0x0000000100000000, 0x0000000100000000)
  eden space 448000K, 0% used [0x00000000e0000000,0x00000000e0000000,0x00000000fb580000)
  from space 38400K, 50% used [0x00000000fda80000,0x00000000fed64d58,0x0000000100000000)
  to   space 37888K, 0% used [0x00000000fb580000,0x00000000fb580000,0x00000000fda80000)
 ParOldGen       total 127488K, used 51722K [0x00000000a0000000, 0x00000000a7c80000, 0x00000000e0000000)
  object space 127488K, 40% used [0x00000000a0000000,0x00000000a3282890,0x00000000a7c80000)
 Metaspace       used 115175K, capacity 121654K, committed 121944K, reserved 1155072K
  class space    used 14308K, capacity 15422K, committed 15488K, reserved 1048576K
}
Event: 22324.789 GC heap before
{Heap before GC invocations=29 (full 4):
 PSYoungGen      total 486400K, used 467347K [0x00000000e0000000, 0x0000000100000000, 0x0000000100000000)
  eden space 448000K, 100% used [0x00000000e0000000,0x00000000fb580000,0x00000000fb580000)
  from space 38400K, 50% used [0x00000000fda80000,0x00000000fed64d58,0x0000000100000000)
  to   space 37888K, 0% used [0x00000000fb580000,0x00000000fb580000,0x00000000fda80000)
 ParOldGen       total 127488K, used 51722K [0x00000000a0000000, 0x00000000a7c80000, 0x00000000e0000000)
  object space 127488K, 40% used [0x00000000a0000000,0x00000000a3282890,0x00000000a7c80000)
 Metaspace       used 115264K, capacity 121732K, committed 121944K, reserved 1155072K
  class space    used 14308K, capacity 15423K, committed 15488K, reserved 1048576K
Event: 22324.873 GC heap after
Heap after GC invocations=29 (full 4):
 PSYoungGen      total 485888K, used 21574K [0x00000000e0000000, 0x00000000fff80000, 0x0000000100000000)
  eden space 448000K, 0% used [0x00000000e0000000,0x00000000e0000000,0x00000000fb580000)
  from space 37888K, 56% used [0x00000000fb580000,0x00000000fca918a8,0x00000000fda80000)
  to   space 37888K, 0% used [0x00000000fda80000,0x00000000fda80000,0x00000000fff80000)
 ParOldGen       total 127488K, used 51730K [0x00000000a0000000, 0x00000000a7c80000, 0x00000000e0000000)
  object space 127488K, 40% used [0x00000000a0000000,0x00000000a3284890,0x00000000a7c80000)
 Metaspace       used 115264K, capacity 121732K, committed 121944K, reserved 1155072K
  class space    used 14308K, capacity 15423K, committed 15488K, reserved 1048576K
}
Event: 22335.196 GC heap before
{Heap before GC invocations=30 (full 4):
 PSYoungGen      total 485888K, used 469574K [0x00000000e0000000, 0x00000000fff80000, 0x0000000100000000)
  eden space 448000K, 100% used [0x00000000e0000000,0x00000000fb580000,0x00000000fb580000)
  from space 37888K, 56% used [0x00000000fb580000,0x00000000fca918a8,0x00000000fda80000)
  to   space 37888K, 0% used [0x00000000fda80000,0x00000000fda80000,0x00000000fff80000)
 ParOldGen       total 127488K, used 51730K [0x00000000a0000000, 0x00000000a7c80000, 0x00000000e0000000)
  object space 127488K, 40% used [0x00000000a0000000,0x00000000a3284890,0x00000000a7c80000)
 Metaspace       used 115552K, capacity 122120K, committed 122456K, reserved 1157120K
  class space    used 14316K, capacity 15433K, committed 15488K, reserved 1048576K
Event: 22335.809 GC heap after
Heap after GC invocations=30 (full 4):
 PSYoungGen      total 475136K, used 37544K [0x00000000e0000000, 0x0000000100000000, 0x0000000100000000)
  eden space 437248K, 0% used [0x00000000e0000000,0x00000000e0000000,0x00000000fab00000)
  from space 37888K, 99% used [0x00000000fda80000,0x00000000fff2a300,0x00000000fff80000)
  to   space 43520K, 0% used [0x00000000fab00000,0x00000000fab00000,0x00000000fd580000)
 ParOldGen       total 127488K, used 69424K [0x00000000a0000000, 0x00000000a7c80000, 0x00000000e0000000)
  object space 127488K, 54% used [0x00000000a0000000,0x00000000a43cc2e8,0x00000000a7c80000)
 Metaspace       used 115552K, capacity 122120K, committed 122456K, reserved 1157120K
  class space    used 14316K, capacity 15433K, committed 15488K, reserved 1048576K
}
Event: 22339.097 GC heap before
{Heap before GC invocations=31 (full 4):
 PSYoungGen      total 475136K, used 474283K [0x00000000e0000000, 0x0000000100000000, 0x0000000100000000)
  eden space 437248K, 99% used [0x00000000e0000000,0x00000000faa809b8,0x00000000fab00000)
  from space 37888K, 99% used [0x00000000fda80000,0x00000000fff2a300,0x00000000fff80000)
  to   space 43520K, 0% used [0x00000000fab00000,0x00000000fab00000,0x00000000fd580000)
 ParOldGen       total 127488K, used 69424K [0x00000000a0000000, 0x00000000a7c80000, 0x00000000e0000000)
  object space 127488K, 54% used [0x00000000a0000000,0x00000000a43cc2e8,0x00000000a7c80000)
 Metaspace       used 115686K, capacity 122252K, committed 122456K, reserved 1157120K
  class space    used 14324K, capacity 15445K, committed 15488K, reserved 1048576K
Event: 22339.105 GC heap after
Heap after GC invocations=31 (full 4):
 PSYoungGen      total 480768K, used 5918K [0x00000000e0000000, 0x0000000100000000, 0x0000000100000000)
  eden space 437248K, 0% used [0x00000000e0000000,0x00000000e0000000,0x00000000fab00000)
  from space 43520K, 13% used [0x00000000fab00000,0x00000000fb0c79b0,0x00000000fd580000)
  to   space 43008K, 0% used [0x00000000fd600000,0x00000000fd600000,0x0000000100000000)
 ParOldGen       total 127488K, used 69536K [0x00000000a0000000, 0x00000000a7c80000, 0x00000000e0000000)
  object space 127488K, 54% used [0x00000000a0000000,0x00000000a43e82e8,0x00000000a7c80000)
 Metaspace       used 115686K, capacity 122252K, committed 122456K, reserved 1157120K
  class space    used 14324K, capacity 15445K, committed 15488K, reserved 1048576K
}
Event: 22586.096 GC heap before
{Heap before GC invocations=32 (full 4):
 PSYoungGen      total 480768K, used 442771K [0x00000000e0000000, 0x0000000100000000, 0x0000000100000000)
  eden space 437248K, 99% used [0x00000000e0000000,0x00000000faa9d318,0x00000000fab00000)
  from space 43520K, 13% used [0x00000000fab00000,0x00000000fb0c79b0,0x00000000fd580000)
  to   space 43008K, 0% used [0x00000000fd600000,0x00000000fd600000,0x0000000100000000)
 ParOldGen       total 127488K, used 69536K [0x00000000a0000000, 0x00000000a7c80000, 0x00000000e0000000)
  object space 127488K, 54% used [0x00000000a0000000,0x00000000a43e82e8,0x00000000a7c80000)
 Metaspace       used 115933K, capacity 122614K, committed 122840K, reserved 1157120K
  class space    used 14352K, capacity 15482K, committed 15616K, reserved 1048576K
Event: 22586.186 GC heap after
Heap after GC invocations=32 (full 4):
 PSYoungGen      total 479232K, used 6279K [0x00000000e0000000, 0x00000000ffe80000, 0x0000000100000000)
  eden space 437760K, 0% used [0x00000000e0000000,0x00000000e0000000,0x00000000fab80000)
  from space 41472K, 15% used [0x00000000fd600000,0x00000000fdc21cc0,0x00000000ffe80000)
  to   space 42496K, 0% used [0x00000000fab80000,0x00000000fab80000,0x00000000fd500000)
 ParOldGen       total 127488K, used 70024K [0x00000000a0000000, 0x00000000a7c80000, 0x00000000e0000000)
  object space 127488K, 54% used [0x00000000a0000000,0x00000000a4462328,0x00000000a7c80000)
 Metaspace       used 115933K, capacity 122614K, committed 122840K, reserved 1157120K
  class space    used 14352K, capacity 15482K, committed 15616K, reserved 1048576K
}

